  ImpersonatePPPotatoContext.cpp
C:\Users\Enrique\Desktop\Proyectos\SCS_2026\projectpotato\Potato\ImpersonatePPPotatoContext.cpp(426,32): warning C4267: '+=': conversión de 'size_t' a 'int'; posible pérdida de datos
C:\Users\Enrique\Desktop\Proyectos\SCS_2026\projectpotato\Potato\ImpersonatePPPotatoContext.cpp(851,69): warning C4244: '=': conversión de 'DWORD_PTR' a 'DWORD'; posible pérdida de datos
C:\Program Files\Microsoft Visual Studio\2022\Community\VC\Tools\MSVC\14.44.35207\include\__msvc_ostream.hpp(862,9): warning C4530: Se ha utilizado el controlador de excepciones de C++, pero la semántica de desenredo no está habilitada. Especifique /EHsc
  (compilando archivo de origen "../ImpersonatePPPotatoContext.cpp")
      C:\Program Files\Microsoft Visual Studio\2022\Community\VC\Tools\MSVC\14.44.35207\include\__msvc_ostream.hpp(862,9):
      el contexto de creación de instancias de la plantilla (el más antiguo primero) es
          C:\Users\Enrique\Desktop\Proyectos\SCS_2026\projectpotato\Potato\ImpersonatePPPotatoContext.cpp(132,21):
          Vea la referencia a la creación de una instancia de la función plantilla "std::basic_ostream<wchar_t,std::char_traits<wchar_t>> &std::operator <<<wchar_t,std::char_traits<wchar_t>>(std::basic_ostream<wchar_t,std::char_traits<wchar_t>> &,const _Elem *)" que se está compilando
          with
          [
              _Elem=wchar_t
          ]
  
  ImpersonatePPPotato.cpp
C:\Program Files\Microsoft Visual Studio\2022\Community\VC\Tools\MSVC\14.44.35207\include\__msvc_ostream.hpp(862,9): warning C4530: Se ha utilizado el controlador de excepciones de C++, pero la semántica de desenredo no está habilitada. Especifique /EHsc
  (compilando archivo de origen "../ImpersonatePPPotato.cpp")
      C:\Program Files\Microsoft Visual Studio\2022\Community\VC\Tools\MSVC\14.44.35207\include\__msvc_ostream.hpp(862,9):
      el contexto de creación de instancias de la plantilla (el más antiguo primero) es
          C:\Users\Enrique\Desktop\Proyectos\SCS_2026\projectpotato\Potato\ImpersonatePPPotato.cpp(7,16):
          Vea la referencia a la creación de una instancia de la función plantilla "std::basic_ostream<wchar_t,std::char_traits<wchar_t>> &std::operator <<<wchar_t,std::char_traits<wchar_t>>(std::basic_ostream<wchar_t,std::char_traits<wchar_t>> &,const _Elem *)" que se está compilando
          with
          [
              _Elem=wchar_t
          ]
  
  Generando código
  38 of 832 functions ( 4.6%) were compiled, the rest were copied from previous compilation.
    0 functions were new in current compilation
    7 functions had inline decision re-evaluated but remain unchanged
  Generación de código finalizada
  ImpersonatePPPotato.vcxproj -> C:\Users\Enrique\Desktop\Proyectos\SCS_2026\projectpotato\Potato\x64\Release\ImpersonatePPPotato.exe
